Using pre-set license
Built from '2021.3/staging' branch; Version is '2021.3.13f1 (9e7d58001ecf) revision 10386776'; Using compiler version '192829333'; Build Type 'Release'
OS: 'Windows 10  (10.0.19045) 64bit Professional' Language: 'ru' Physical Memory: 16314 MB
BatchMode: 1, IsHumanControllingUs: 0, StartBugReporterOnCrash: 0, Is64bit: 1, IsPro: 1

COMMAND LINE ARGUMENTS:
E:\Programms\Unity\Versions\2021.3.13f1\Editor\Unity.exe
-adb2
-batchMode
-noUpm
-name
AssetImportWorker0
-projectPath
F:/Nukio_project/online_game/game
-logFile
Logs/AssetImportWorker0.log
-srvPort
52407
Successfully changed project path to: F:/Nukio_project/online_game/game
F:/Nukio_project/online_game/game
[UnityMemory] Configuration Parameters - Can be set up in boot.config
    "memorysetup-bucket-allocator-granularity=16"
    "memorysetup-bucket-allocator-bucket-count=8"
    "memorysetup-bucket-allocator-block-size=33554432"
    "memorysetup-bucket-allocator-block-count=8"
    "memorysetup-main-allocator-block-size=16777216"
    "memorysetup-thread-allocator-block-size=16777216"
    "memorysetup-gfx-main-allocator-block-size=16777216"
    "memorysetup-gfx-thread-allocator-block-size=16777216"
    "memorysetup-cache-allocator-block-size=4194304"
    "memorysetup-typetree-allocator-block-size=2097152"
    "memorysetup-profiler-bucket-allocator-granularity=16"
    "memorysetup-profiler-bucket-allocator-bucket-count=8"
    "memorysetup-profiler-bucket-allocator-block-size=33554432"
    "memorysetup-profiler-bucket-allocator-block-count=8"
    "memorysetup-profiler-allocator-block-size=16777216"
    "memorysetup-profiler-editor-allocator-block-size=1048576"
    "memorysetup-temp-allocator-size-main=16777216"
    "memorysetup-job-temp-allocator-block-size=2097152"
    "memorysetup-job-temp-allocator-block-size-background=1048576"
    "memorysetup-job-temp-allocator-reduction-small-platforms=262144"
    "memorysetup-temp-allocator-size-background-worker=32768"
    "memorysetup-temp-allocator-size-job-worker=262144"
    "memorysetup-temp-allocator-size-preload-manager=33554432"
    "memorysetup-temp-allocator-size-nav-mesh-worker=65536"
    "memorysetup-temp-allocator-size-audio-worker=65536"
    "memorysetup-temp-allocator-size-cloud-worker=32768"
    "memorysetup-temp-allocator-size-gi-baking-worker=262144"
    "memorysetup-temp-allocator-size-gfx=262144"
Refreshing native plugins compatible for Editor in 110.58 ms, found 4 plugins.
Preloading 0 native plugins for Editor in 0.00 ms.
Initialize engine version: 2021.3.13f1 (9e7d58001ecf)
[Subsystems] Discovering subsystems at path E:/Programms/Unity/Versions/2021.3.13f1/Editor/Data/Resources/UnitySubsystems
[Subsystems] Discovering subsystems at path F:/Nukio_project/online_game/game/Assets
GfxDevice: creating device client; threaded=0; jobified=0
Direct3D:
    Version:  Direct3D 11.0 [level 11.1]
    Renderer: NVIDIA GeForce GTX 1660 (ID=0x2184)
    Vendor:   NVIDIA
    VRAM:     5980 MB
    Driver:   31.0.15.2686
Initialize mono
Mono path[0] = 'E:/Programms/Unity/Versions/2021.3.13f1/Editor/Data/Managed'
Mono path[1] = 'E:/Programms/Unity/Versions/2021.3.13f1/Editor/Data/MonoBleedingEdge/lib/mono/unityjit-win32'
Mono config path = 'E:/Programms/Unity/Versions/2021.3.13f1/Editor/Data/MonoBleedingEdge/etc'
Using monoOptions --debugger-agent=transport=dt_socket,embedding=1,server=y,suspend=n,address=127.0.0.1:56288
Begin MonoManager ReloadAssembly
Registering precompiled unity dll's ...
Register platform support module: E:/Programms/Unity/Versions/2021.3.13f1/Editor/Data/PlaybackEngines/WebGLSupport/UnityEditor.WebGL.Extensions.dll
Register platform support module: E:/Programms/Unity/Versions/2021.3.13f1/Editor/Data/PlaybackEngines/AndroidPlayer/UnityEditor.Android.Extensions.dll
Register platform support module: E:/Programms/Unity/Versions/2021.3.13f1/Editor/Data/PlaybackEngines/WindowsStandaloneSupport/UnityEditor.WindowsStandalone.Extensions.dll
Registered in 0.006216 seconds.
Native extension for WindowsStandalone target not found
Native extension for Android target not found
Native extension for WebGL target not found
Refreshing native plugins compatible for Editor in 119.30 ms, found 4 plugins.
Preloading 0 native plugins for Editor in 0.00 ms.
Mono: successfully reloaded assembly
- Completed reload, in  0.843 seconds
Domain Reload Profiling:
	ReloadAssembly (843ms)
		BeginReloadAssembly (91ms)
			ExecutionOrderSort (0ms)
			DisableScriptedObjects (0ms)
			BackupInstance (0ms)
			ReleaseScriptingObjects (0ms)
			CreateAndSetChildDomain (1ms)
		EndReloadAssembly (620ms)
			LoadAssemblies (90ms)
			RebuildTransferFunctionScriptingTraits (0ms)
			SetupTypeCache (136ms)
			ReleaseScriptCaches (0ms)
			RebuildScriptCaches (38ms)
			SetupLoadedEditorAssemblies (383ms)
				LogAssemblyErrors (0ms)
				InitializePlatformSupportModulesInManaged (82ms)
				SetLoadedEditorAssemblies (0ms)
				RefreshPlugins (119ms)
				BeforeProcessingInitializeOnLoad (1ms)
				ProcessInitializeOnLoadAttributes (120ms)
				ProcessInitializeOnLoadMethodAttributes (59ms)
				AfterProcessingInitializeOnLoad (0ms)
				EditorAssembliesLoaded (0ms)
			ExecutionOrderSort2 (0ms)
			AwakeInstancesAfterBackupRestoration (0ms)
Platform modules already initialized, skipping
Registering precompiled user dll's ...
Registered in 0.009007 seconds.
Begin MonoManager ReloadAssembly
Symbol file LoadedFromMemory doesn't match image F:\Nukio_project\online_game\game\Library\PackageCache\com.unity.visualscripting@1.7.8\Editor\VisualScripting.Core\Dependencies\YamlDotNet\Unity.VisualScripting.YamlDotNet.dll
Symbol file LoadedFromMemory doesn't match image F:\Nukio_project\online_game\game\Library\PackageCache\com.unity.visualscripting@1.7.8\Editor\VisualScripting.Core\Dependencies\DotNetZip\Unity.VisualScripting.IonicZip.dll
Native extension for WindowsStandalone target not found
Native extension for Android target not found
Native extension for WebGL target not found
Refreshing native plugins compatible for Editor in 105.74 ms, found 4 plugins.
Preloading 0 native plugins for Editor in 0.00 ms.
Mono: successfully reloaded assembly
- Completed reload, in  1.580 seconds
Domain Reload Profiling:
	ReloadAssembly (1581ms)
		BeginReloadAssembly (255ms)
			ExecutionOrderSort (0ms)
			DisableScriptedObjects (10ms)
			BackupInstance (0ms)
			ReleaseScriptingObjects (0ms)
			CreateAndSetChildDomain (136ms)
		EndReloadAssembly (1183ms)
			LoadAssemblies (105ms)
			RebuildTransferFunctionScriptingTraits (0ms)
			SetupTypeCache (323ms)
			ReleaseScriptCaches (1ms)
			RebuildScriptCaches (98ms)
			SetupLoadedEditorAssemblies (577ms)
				LogAssemblyErrors (0ms)
				InitializePlatformSupportModulesInManaged (16ms)
				SetLoadedEditorAssemblies (0ms)
				RefreshPlugins (106ms)
				BeforeProcessingInitializeOnLoad (107ms)
				ProcessInitializeOnLoadAttributes (285ms)
				ProcessInitializeOnLoadMethodAttributes (58ms)
				AfterProcessingInitializeOnLoad (5ms)
				EditorAssembliesLoaded (0ms)
			ExecutionOrderSort2 (0ms)
			AwakeInstancesAfterBackupRestoration (8ms)
Platform modules already initialized, skipping
========================================================================
Worker process is ready to serve import requests
Launched and connected shader compiler UnityShaderCompiler.exe after 0.06 seconds
Refreshing native plugins compatible for Editor in 0.84 ms, found 4 plugins.
Preloading 0 native plugins for Editor in 0.00 ms.
Unloading 4041 Unused Serialized files (Serialized files now loaded: 0)
Unloading 44 unused Assets / (229.0 KB). Loaded Objects now: 4493.
Memory consumption went from 150.6 MB to 150.3 MB.
Total: 4.516700 ms (FindLiveObjects: 0.549800 ms CreateObjectMapping: 0.140800 ms MarkObjects: 3.618200 ms  DeleteObjects: 0.206200 ms)

AssetImportParameters requested are different than current active one (requested -> active):
  custom:video-decoder-ogg-theora: a1e56fd34408186e4bbccfd4996cb3dc -> 
  custom:container-muxer-webm: aa71ff27fc2769a1b78a27578f13a17b -> 
  custom:container-demuxer-webm: 4f35f7cbe854078d1ac9338744f61a02 -> 
  custom:video-encoder-webm-vp8: eb34c28f22e8b96e1ab97ce403110664 -> 
  custom:audio-encoder-webm-vorbis: bf7c407c2cedff20999df2af8eb42d56 -> 
  custom:framework-win-MediaFoundation: 216162199b28c13a410421893ffa2e32 -> 
  custom:container-demuxer-ogg: 62fdf1f143b41e24485cea50d1cbac27 -> 
  custom:video-decoder-webm-vp8: 9c59270c3fd7afecdb556c50c9e8de78 -> 
  custom:audio-decoder-ogg-vorbis: bf7c407c2cedff20999df2af8eb42d56 -> 
========================================================================
Received Import Request.
  Time since last request: 40159.984363 seconds.
  path: Assets
  artifactKey: Guid(00000000000000001000000000000000) Importer(815301076,1909f56bfc062723c751e8b465ee728b)
Start importing Assets using Guid(00000000000000001000000000000000) Importer(815301076,1909f56bfc062723c751e8b465ee728b)  -> (artifact id: '79842766b460edbeab6a34051e857a80') in 0.008603 seconds 
========================================================================
Received Prepare
Registering precompiled user dll's ...
Registered in 0.009310 seconds.
Begin MonoManager ReloadAssembly
Symbol file LoadedFromMemory doesn't match image F:\Nukio_project\online_game\game\Library\PackageCache\com.unity.visualscripting@1.7.8\Editor\VisualScripting.Core\Dependencies\YamlDotNet\Unity.VisualScripting.YamlDotNet.dll
Symbol file LoadedFromMemory doesn't match image F:\Nukio_project\online_game\game\Library\PackageCache\com.unity.visualscripting@1.7.8\Editor\VisualScripting.Core\Dependencies\DotNetZip\Unity.VisualScripting.IonicZip.dll
Native extension for WindowsStandalone target not found
Native extension for Android target not found
Native extension for WebGL target not found
Refreshing native plugins compatible for Editor in 1.64 ms, found 4 plugins.
Preloading 0 native plugins for Editor in 0.00 ms.
[ScriptCompilation] NOT recompiling all scripts because this is an import worker process. Reason to compile was: Define symbols changed
Mirror | mirror-networking.com | discord.gg/N9QVxbM
UnityEngine.StackTraceUtility:ExtractStackTrace ()
UnityEngine.DebugLogHandler:LogFormat (UnityEngine.LogType,UnityEngine.Object,string,object[])
UnityEngine.Logger:Log (UnityEngine.LogType,object)
UnityEngine.Debug:Log (object)
Mirror.Welcome:OnInitializeOnLoad () (at Assets/Mirror/Editor/Welcome.cs:18)
System.Reflection.RuntimeMethodInfo:Invoke (object,System.Reflection.BindingFlags,System.Reflection.Binder,object[],System.Globalization.CultureInfo)
System.Reflection.MethodBase:Invoke (object,object[])
UnityEditor.EditorAssemblies:ProcessInitializeOnLoadMethodAttributes ()

(Filename: Assets/Mirror/Editor/Welcome.cs Line: 18)

Mono: successfully reloaded assembly
- Completed reload, in  1.330 seconds
Domain Reload Profiling:
	ReloadAssembly (1331ms)
		BeginReloadAssembly (175ms)
			ExecutionOrderSort (0ms)
			DisableScriptedObjects (9ms)
			BackupInstance (0ms)
			ReleaseScriptingObjects (0ms)
			CreateAndSetChildDomain (49ms)
		EndReloadAssembly (1032ms)
			LoadAssemblies (121ms)
			RebuildTransferFunctionScriptingTraits (0ms)
			SetupTypeCache (350ms)
			ReleaseScriptCaches (2ms)
			RebuildScriptCaches (57ms)
			SetupLoadedEditorAssemblies (452ms)
				LogAssemblyErrors (0ms)
				InitializePlatformSupportModulesInManaged (27ms)
				SetLoadedEditorAssemblies (1ms)
				RefreshPlugins (2ms)
				BeforeProcessingInitializeOnLoad (86ms)
				ProcessInitializeOnLoadAttributes (266ms)
				ProcessInitializeOnLoadMethodAttributes (65ms)
				AfterProcessingInitializeOnLoad (5ms)
				EditorAssembliesLoaded (0ms)
			ExecutionOrderSort2 (0ms)
			AwakeInstancesAfterBackupRestoration (10ms)
Platform modules already initialized, skipping
Refreshing native plugins compatible for Editor in 2.97 ms, found 4 plugins.
Preloading 0 native plugins for Editor in 0.00 ms.
Unloading 4373 Unused Serialized files (Serialized files now loaded: 0)
Unloading 36 unused Assets / (196.4 KB). Loaded Objects now: 4828.
Memory consumption went from 160.1 MB to 159.9 MB.
Total: 4.695900 ms (FindLiveObjects: 0.335800 ms CreateObjectMapping: 0.113300 ms MarkObjects: 4.049100 ms  DeleteObjects: 0.196400 ms)

AssetImportParameters requested are different than current active one (requested -> active):
  custom:video-decoder-ogg-theora: a1e56fd34408186e4bbccfd4996cb3dc -> 
  custom:container-muxer-webm: aa71ff27fc2769a1b78a27578f13a17b -> 
  custom:container-demuxer-webm: 4f35f7cbe854078d1ac9338744f61a02 -> 
  custom:video-encoder-webm-vp8: eb34c28f22e8b96e1ab97ce403110664 -> 
  custom:audio-encoder-webm-vorbis: bf7c407c2cedff20999df2af8eb42d56 -> 
  custom:framework-win-MediaFoundation: 216162199b28c13a410421893ffa2e32 -> 
  custom:container-demuxer-ogg: 62fdf1f143b41e24485cea50d1cbac27 -> 
  custom:video-decoder-webm-vp8: 9c59270c3fd7afecdb556c50c9e8de78 -> 
  custom:audio-decoder-ogg-vorbis: bf7c407c2cedff20999df2af8eb42d56 -> 
========================================================================
Received Import Request.
  Time since last request: 493.581035 seconds.
  path: Assets/Resource
  artifactKey: Guid(08b1fa2e8f3f4d048bc87519a7eae26f) Importer(815301076,1909f56bfc062723c751e8b465ee728b)
Start importing Assets/Resource using Guid(08b1fa2e8f3f4d048bc87519a7eae26f) Importer(815301076,1909f56bfc062723c751e8b465ee728b)  -> (artifact id: 'ab5fe232a8cb2b681c4c3b3d817be2cc') in 0.010392 seconds 
========================================================================
Received Import Request.
  Time since last request: 25.495417 seconds.
  path: Assets/Resource/free_overview.png
  artifactKey: Guid(dca5ad4b5e2946147bd62cc78d4ed7b5) Importer(815301076,1909f56bfc062723c751e8b465ee728b)
Start importing Assets/Resource/free_overview.png using Guid(dca5ad4b5e2946147bd62cc78d4ed7b5) Importer(815301076,1909f56bfc062723c751e8b465ee728b)  -> (artifact id: 'd9e1b5c3c0d7165f592b721876c9068b') in 0.331424 seconds 
========================================================================
Received Import Request.
  Time since last request: 14.653021 seconds.
  path: Assets/Resource/Characters_free
  artifactKey: Guid(f1dd60a9b8ad50b4f9662f8f5428bf9e) Importer(815301076,1909f56bfc062723c751e8b465ee728b)
Start importing Assets/Resource/Characters_free using Guid(f1dd60a9b8ad50b4f9662f8f5428bf9e) Importer(815301076,1909f56bfc062723c751e8b465ee728b)  -> (artifact id: 'f16765a6ce4fce478353202d600e60ea') in 0.001823 seconds 
========================================================================
Received Import Request.
  Time since last request: 0.050187 seconds.
  path: Assets/Resource/Characters_free/Adam_16x16.png
  artifactKey: Guid(925accbcdf4984045acd1981a86f01b4) Importer(815301076,1909f56bfc062723c751e8b465ee728b)
Start importing Assets/Resource/Characters_free/Adam_16x16.png using Guid(925accbcdf4984045acd1981a86f01b4) Importer(815301076,1909f56bfc062723c751e8b465ee728b)  -> (artifact id: 'e910d37487bc2c94768e4929e2cada78') in 0.019473 seconds 
========================================================================
Received Import Request.
  Time since last request: 0.000033 seconds.
  path: Assets/Resource/Characters_free/Amelia_run_16x16.png
  artifactKey: Guid(e70e8c372efa1174bb33edbdcf4880a6) Importer(815301076,1909f56bfc062723c751e8b465ee728b)
Start importing Assets/Resource/Characters_free/Amelia_run_16x16.png using Guid(e70e8c372efa1174bb33edbdcf4880a6) Importer(815301076,1909f56bfc062723c751e8b465ee728b)  -> (artifact id: '7fdf57c08cbee5b4b86170c6be4009a0') in 0.012608 seconds 
========================================================================
Received Import Request.
  Time since last request: 0.000033 seconds.
  path: Assets/Resource/Characters_free/Amelia_sit_16x16.png
  artifactKey: Guid(25008da1d41c1c8489fde86bbcae82d5) Importer(815301076,1909f56bfc062723c751e8b465ee728b)
Start importing Assets/Resource/Characters_free/Amelia_sit_16x16.png using Guid(25008da1d41c1c8489fde86bbcae82d5) Importer(815301076,1909f56bfc062723c751e8b465ee728b)  -> (artifact id: '1e848e19e7415520dfcf8a731c8ce0fb') in 0.009666 seconds 
========================================================================
Received Import Request.
  Time since last request: 0.000043 seconds.
  path: Assets/Resource/Characters_free/Alex_sit_16x16.png
  artifactKey: Guid(b61ee4f6810897d4ab8169e1793d5fb8) Importer(815301076,1909f56bfc062723c751e8b465ee728b)
Start importing Assets/Resource/Characters_free/Alex_sit_16x16.png using Guid(b61ee4f6810897d4ab8169e1793d5fb8) Importer(815301076,1909f56bfc062723c751e8b465ee728b)  -> (artifact id: 'e6669145301895975748c5dd11fdcfaa') in 0.010171 seconds 
========================================================================
Received Import Request.
  Time since last request: 0.000036 seconds.
  path: Assets/Resource/Characters_free/Bob_idle_16x16.png
  artifactKey: Guid(8c2374c39d06f6e4da31e275b97e1230) Importer(815301076,1909f56bfc062723c751e8b465ee728b)
Start importing Assets/Resource/Characters_free/Bob_idle_16x16.png using Guid(8c2374c39d06f6e4da31e275b97e1230) Importer(815301076,1909f56bfc062723c751e8b465ee728b)  -> (artifact id: 'e9b60a485c35246be7becc8b1fef0247') in 0.010083 seconds 
========================================================================
Received Import Request.
  Time since last request: 0.000035 seconds.
  path: Assets/Resource/Characters_free/Amelia_phone_16x16.png
  artifactKey: Guid(02acd1a158a19344587cf55bf0eb38d3) Importer(815301076,1909f56bfc062723c751e8b465ee728b)
Start importing Assets/Resource/Characters_free/Amelia_phone_16x16.png using Guid(02acd1a158a19344587cf55bf0eb38d3) Importer(815301076,1909f56bfc062723c751e8b465ee728b)  -> (artifact id: '31f1047c4d3bf73b6de9fe0bd446426a') in 0.012651 seconds 
========================================================================
Received Import Request.
  Time since last request: 0.000035 seconds.
  path: Assets/Resource/Characters_free/Amelia_idle_anim_16x16.png
  artifactKey: Guid(d3087440626a09245a864a95e6948c2e) Importer(815301076,1909f56bfc062723c751e8b465ee728b)
Start importing Assets/Resource/Characters_free/Amelia_idle_anim_16x16.png using Guid(d3087440626a09245a864a95e6948c2e) Importer(815301076,1909f56bfc062723c751e8b465ee728b)  -> (artifact id: '4aa4c5c348b2dd7c4cde638142a7e6a1') in 0.010280 seconds 
========================================================================
Received Import Request.
  Time since last request: 0.000037 seconds.
  path: Assets/Resource/Characters_free/Adam_run_16x16.png
  artifactKey: Guid(dbfb5da4b3f52bb408fbfb817ce6d26e) Importer(815301076,1909f56bfc062723c751e8b465ee728b)
Start importing Assets/Resource/Characters_free/Adam_run_16x16.png using Guid(dbfb5da4b3f52bb408fbfb817ce6d26e) Importer(815301076,1909f56bfc062723c751e8b465ee728b)  -> (artifact id: '834bafef916e49a5e13b9ad213bc29b2') in 0.011880 seconds 
========================================================================
Received Import Request.
  Time since last request: 0.000040 seconds.
  path: Assets/Resource/Characters_free/Alex_sit2_16x16.png
  artifactKey: Guid(d51530bba6e897b49a41bf7f8a03d04f) Importer(815301076,1909f56bfc062723c751e8b465ee728b)
Start importing Assets/Resource/Characters_free/Alex_sit2_16x16.png using Guid(d51530bba6e897b49a41bf7f8a03d04f) Importer(815301076,1909f56bfc062723c751e8b465ee728b)  -> (artifact id: '775284d55e584e8255e32a359c118ab7') in 0.011566 seconds 
========================================================================
Received Import Request.
  Time since last request: 0.000022 seconds.
  path: Assets/Resource/Characters_free/Bob_idle_anim_16x16.png
  artifactKey: Guid(b6afb3cb7221a084cbcfebfcf635cfb3) Importer(815301076,1909f56bfc062723c751e8b465ee728b)
Start importing Assets/Resource/Characters_free/Bob_idle_anim_16x16.png using Guid(b6afb3cb7221a084cbcfebfcf635cfb3) Importer(815301076,1909f56bfc062723c751e8b465ee728b)  -> (artifact id: '59bf3a37d6bfc465152dc14cae7e733b') in 0.012988 seconds 
========================================================================
Received Import Request.
  Time since last request: 0.000024 seconds.
  path: Assets/Resource/Characters_free/Amelia_sit3_16x16.png
  artifactKey: Guid(92b31c9c2e175dc49a97317305f342f1) Importer(815301076,1909f56bfc062723c751e8b465ee728b)
Start importing Assets/Resource/Characters_free/Amelia_sit3_16x16.png using Guid(92b31c9c2e175dc49a97317305f342f1) Importer(815301076,1909f56bfc062723c751e8b465ee728b)  -> (artifact id: '491024caf117503d4ab140bf4fadd0a8') in 0.013694 seconds 
========================================================================
Received Import Request.
  Time since last request: 0.000033 seconds.
  path: Assets/Resource/Characters_free/Alex_idle_16x16.png
  artifactKey: Guid(551e0bfa5bfe0ab4ca3de633f3a07276) Importer(815301076,1909f56bfc062723c751e8b465ee728b)
Start importing Assets/Resource/Characters_free/Alex_idle_16x16.png using Guid(551e0bfa5bfe0ab4ca3de633f3a07276) Importer(815301076,1909f56bfc062723c751e8b465ee728b)  -> (artifact id: '7986ad52721edb253684a97c8c731b43') in 0.009449 seconds 
========================================================================
Received Import Request.
  Time since last request: 0.000034 seconds.
  path: Assets/Resource/Characters_free/Alex_idle_anim_16x16.png
  artifactKey: Guid(6744f63489f67df418706b4e35477050) Importer(815301076,1909f56bfc062723c751e8b465ee728b)
Start importing Assets/Resource/Characters_free/Alex_idle_anim_16x16.png using Guid(6744f63489f67df418706b4e35477050) Importer(815301076,1909f56bfc062723c751e8b465ee728b)  -> (artifact id: '082989c889ed1776992fc695de927ba7') in 0.012834 seconds 
========================================================================
Received Import Request.
  Time since last request: 0.000033 seconds.
  path: Assets/Resource/Characters_free/Adam_sit3_16x16.png
  artifactKey: Guid(325d9db962ac27046a97d45bebeddd2e) Importer(815301076,1909f56bfc062723c751e8b465ee728b)
Start importing Assets/Resource/Characters_free/Adam_sit3_16x16.png using Guid(325d9db962ac27046a97d45bebeddd2e) Importer(815301076,1909f56bfc062723c751e8b465ee728b)  -> (artifact id: '793a13d2d6733f0ef557b17a3403ad66') in 0.012269 seconds 
========================================================================
Received Import Request.
  Time since last request: 0.000037 seconds.
  path: Assets/Resource/Characters_free/Alex_run_16x16.png
  artifactKey: Guid(9f31fa2d07bd62745a6738d424e1b90f) Importer(815301076,1909f56bfc062723c751e8b465ee728b)
Start importing Assets/Resource/Characters_free/Alex_run_16x16.png using Guid(9f31fa2d07bd62745a6738d424e1b90f) Importer(815301076,1909f56bfc062723c751e8b465ee728b)  -> (artifact id: 'b37461880f7e45e7ba09cfecab737d3f') in 0.013002 seconds 
========================================================================
Received Import Request.
  Time since last request: 0.000041 seconds.
  path: Assets/Resource/Characters_free/Bob_sit3_16x16.png
  artifactKey: Guid(1c0a8602b3d8cc6479495e55c0bc8295) Importer(815301076,1909f56bfc062723c751e8b465ee728b)
Start importing Assets/Resource/Characters_free/Bob_sit3_16x16.png using Guid(1c0a8602b3d8cc6479495e55c0bc8295) Importer(815301076,1909f56bfc062723c751e8b465ee728b)  -> (artifact id: '9c9cb0f1b90dfa5417980eece9ef921c') in 0.010571 seconds 
========================================================================
Received Import Request.
  Time since last request: 0.000030 seconds.
  path: Assets/Resource/Characters_free/Adam_sit2_16x16.png
  artifactKey: Guid(90e7b30292be2934fa54e05992d560c1) Importer(815301076,1909f56bfc062723c751e8b465ee728b)
Start importing Assets/Resource/Characters_free/Adam_sit2_16x16.png using Guid(90e7b30292be2934fa54e05992d560c1) Importer(815301076,1909f56bfc062723c751e8b465ee728b)  -> (artifact id: '452924e1651dceeed295c4b291b3d9c7') in 0.010567 seconds 
========================================================================
Received Import Request.
  Time since last request: 0.000032 seconds.
  path: Assets/Resource/Characters_free/Adam_phone_16x16.png
  artifactKey: Guid(0add9e7cae060cf479608f9387ab3c8e) Importer(815301076,1909f56bfc062723c751e8b465ee728b)
Start importing Assets/Resource/Characters_free/Adam_phone_16x16.png using Guid(0add9e7cae060cf479608f9387ab3c8e) Importer(815301076,1909f56bfc062723c751e8b465ee728b)  -> (artifact id: 'e43046113068fdf3ed7dd82b1cb635e1') in 0.011201 seconds 
========================================================================
Received Import Request.
  Time since last request: 0.000030 seconds.
  path: Assets/Resource/Characters_free/Bob_sit_16x16.png
  artifactKey: Guid(fa7dbb7bb9eff9749a953bde982e5bb7) Importer(815301076,1909f56bfc062723c751e8b465ee728b)
Start importing Assets/Resource/Characters_free/Bob_sit_16x16.png using Guid(fa7dbb7bb9eff9749a953bde982e5bb7) Importer(815301076,1909f56bfc062723c751e8b465ee728b)  -> (artifact id: '63b54d861e30823a783ea23d8943dbf1') in 0.010687 seconds 
========================================================================
Received Import Request.
  Time since last request: 0.000032 seconds.
  path: Assets/Resource/Characters_free/Amelia_idle_16x16.png
  artifactKey: Guid(7179e015af0574c4fad3581c4169feb2) Importer(815301076,1909f56bfc062723c751e8b465ee728b)
Start importing Assets/Resource/Characters_free/Amelia_idle_16x16.png using Guid(7179e015af0574c4fad3581c4169feb2) Importer(815301076,1909f56bfc062723c751e8b465ee728b)  -> (artifact id: 'fdaa49bff39ffcf51cdfa389490c44e0') in 0.010089 seconds 
========================================================================
Received Import Request.
  Time since last request: 13.098498 seconds.
  path: Assets/Resource/Interiors_free/32x32/Room_Builder_free_32x32.png
  artifactKey: Guid(ede4ea5b1c44dc24db7654d7516cba3a) Importer(815301076,1909f56bfc062723c751e8b465ee728b)
Start importing Assets/Resource/Interiors_free/32x32/Room_Builder_free_32x32.png using Guid(ede4ea5b1c44dc24db7654d7516cba3a) Importer(815301076,1909f56bfc062723c751e8b465ee728b)  -> (artifact id: '836f0a71a8c718c2b5680165f18b8848') in 0.035448 seconds 
========================================================================
Received Import Request.
  Time since last request: 5.613628 seconds.
  path: Assets/Resource/Interiors_free/48x48/Room_Builder_free_48x48.png
  artifactKey: Guid(fd431574a1bf29849b462b198645027c) Importer(815301076,1909f56bfc062723c751e8b465ee728b)
Start importing Assets/Resource/Interiors_free/48x48/Room_Builder_free_48x48.png using Guid(fd431574a1bf29849b462b198645027c) Importer(815301076,1909f56bfc062723c751e8b465ee728b)  -> (artifact id: '05f70cb71a53e22846629f6ae9381c86') in 0.059298 seconds 
========================================================================
Received Import Request.
  Time since last request: 2.744069 seconds.
  path: Assets/Resource/Old/idle_32x32_2.png
  artifactKey: Guid(cd667fae0aa0a0d458c0dfde5cd99c4a) Importer(815301076,1909f56bfc062723c751e8b465ee728b)
Start importing Assets/Resource/Old/idle_32x32_2.png using Guid(cd667fae0aa0a0d458c0dfde5cd99c4a) Importer(815301076,1909f56bfc062723c751e8b465ee728b)  -> (artifact id: '47f2e67af75a779018f0a0317591fe52') in 0.013367 seconds 
========================================================================
Received Import Request.
  Time since last request: 0.000034 seconds.
  path: Assets/Resource/Old/Tileset_48x48_3.png
  artifactKey: Guid(60245e13b41c57e4ebd13201c52cdbac) Importer(815301076,1909f56bfc062723c751e8b465ee728b)
Start importing Assets/Resource/Old/Tileset_48x48_3.png using Guid(60245e13b41c57e4ebd13201c52cdbac) Importer(815301076,1909f56bfc062723c751e8b465ee728b)  -> (artifact id: '7524288cb2f27fadb17965ea86bfab54') in 0.025049 seconds 
========================================================================
Received Import Request.
  Time since last request: 0.000039 seconds.
  path: Assets/Resource/Old/Tileset_16x16_2.png
  artifactKey: Guid(2ecaccd6518d0e84cbebfd67eaed40c9) Importer(815301076,1909f56bfc062723c751e8b465ee728b)
Start importing Assets/Resource/Old/Tileset_16x16_2.png using Guid(2ecaccd6518d0e84cbebfd67eaed40c9) Importer(815301076,1909f56bfc062723c751e8b465ee728b)  -> (artifact id: 'a9042ca46a16f29c50d9b8323d4f9713') in 0.014986 seconds 
========================================================================
Received Import Request.
  Time since last request: 0.000047 seconds.
  path: Assets/Resource/Old/Tileset_16x16_9.png
  artifactKey: Guid(304c544be21604740b5502849ef87820) Importer(815301076,1909f56bfc062723c751e8b465ee728b)
Start importing Assets/Resource/Old/Tileset_16x16_9.png using Guid(304c544be21604740b5502849ef87820) Importer(815301076,1909f56bfc062723c751e8b465ee728b)  -> (artifact id: '968625c7353378b7a0e08b4b977466a4') in 0.015378 seconds 
========================================================================
Received Import Request.
  Time since last request: 0.000037 seconds.
  path: Assets/Resource/Old/run_horizontal_48x48_2.png
  artifactKey: Guid(51f231d6a2790af41a9136ed16f7dcf6) Importer(815301076,1909f56bfc062723c751e8b465ee728b)
Start importing Assets/Resource/Old/run_horizontal_48x48_2.png using Guid(51f231d6a2790af41a9136ed16f7dcf6) Importer(815301076,1909f56bfc062723c751e8b465ee728b)  -> (artifact id: '8bfde61781073d4d4ff57e37b2af65bd') in 0.020132 seconds 
========================================================================
Received Import Request.
  Time since last request: 0.000041 seconds.
  path: Assets/Resource/Old/Tileset_32x32_16.png
  artifactKey: Guid(3a8cd4dce0f923348898884b9f398b65) Importer(815301076,1909f56bfc062723c751e8b465ee728b)
Start importing Assets/Resource/Old/Tileset_32x32_16.png using Guid(3a8cd4dce0f923348898884b9f398b65) Importer(815301076,1909f56bfc062723c751e8b465ee728b)  -> (artifact id: '87fa91b7c033c82052899809ba333fd3') in 0.022187 seconds 
========================================================================
Received Import Request.
  Time since last request: 0.000036 seconds.
  path: Assets/Resource/Old/Tileset_32x32_9.png
  artifactKey: Guid(b7a007169c3823d458d16e08353b8c80) Importer(815301076,1909f56bfc062723c751e8b465ee728b)
Start importing Assets/Resource/Old/Tileset_32x32_9.png using Guid(b7a007169c3823d458d16e08353b8c80) Importer(815301076,1909f56bfc062723c751e8b465ee728b)  -> (artifact id: '4e516dea830907d005947d6b19699a36') in 0.017461 seconds 
========================================================================
Received Import Request.
  Time since last request: 2.481562 seconds.
  path: Assets/Resource/Old/mv/Character_2_32x32_RPGMAKER.png
  artifactKey: Guid(951a1077a2e093f4e95f356d4375f1b2) Importer(815301076,1909f56bfc062723c751e8b465ee728b)
Start importing Assets/Resource/Old/mv/Character_2_32x32_RPGMAKER.png using Guid(951a1077a2e093f4e95f356d4375f1b2) Importer(815301076,1909f56bfc062723c751e8b465ee728b)  -> (artifact id: '622a8b4dab42edacb6aa41435dadd1e0') in 0.014042 seconds 
Editor requested this worker to shutdown with reason: Scaling down because of idle timeout
AssetImportWorker is now disconnected from the server
Process exiting
Exiting without the bug reporter. Application will terminate with return code 0